<?xml version="1.0" encoding="UTF-8"?>
<!-- Generated by org.testng.reporters.JUnitReportReporter -->
<testsuite hostname="DESKTOP-35QI2EL" failures="0" tests="1" name="testCase_POM.TestCase3" time="20.889" errors="0" timestamp="2024-08-29T17:19:39 IST" skipped="0">
  <testcase classname="testCase_POM.TestCase3" name="register" time="20.889"/>
  <system-out>
    <![CDATA[test case is pass]]>
  </system-out>
</testsuite> <!-- testCase_POM.TestCase3 -->
