<?xml version="1.0" encoding="UTF-8"?>
<!-- Generated by org.testng.reporters.JUnitReportReporter -->
<testsuite hostname="DESKTOP-35QI2EL" failures="0" tests="1" name="testCase_POM.TestCase4" time="31.652" errors="0" timestamp="2024-08-29T15:39:22 IST" skipped="0">
  <testcase classname="testCase_POM.TestCase4" name="purchase" time="31.652"/>
  <system-out>
    <![CDATA[test case is pass]]>
  </system-out>
</testsuite> <!-- testCase_POM.TestCase4 -->
