<?xml version="1.0" encoding="UTF-8"?>
<!-- Generated by org.testng.reporters.JUnitReportReporter -->
<testsuite hostname="DESKTOP-35QI2EL" failures="0" tests="2" name="testCase_POM.TestCase3" time="43.303" errors="0" timestamp="2024-08-30T16:28:53 IST" skipped="1">
  <testcase classname="testCase_POM.TestCase3" name="register" time="20.744">
    <skipped/>
  </testcase> <!-- register -->
  <system-out/>
  <testcase classname="testCase_POM.TestCase3" name="register" time="22.559"/>
  <system-out>
    <![CDATA[test case is pass]]>
  </system-out>
</testsuite> <!-- testCase_POM.TestCase3 -->
