<?xml version="1.0" encoding="UTF-8"?>
<!-- Generated by org.testng.reporters.JUnitReportReporter -->
<testsuite hostname="DESKTOP-35QI2EL" failures="0" tests="1" name="testCase_POM.TestCase1" time="10.902" errors="0" timestamp="2024-08-30T09:07:32 IST" skipped="0">
  <testcase classname="testCase_POM.TestCase1" name="login_amazon" time="10.902"/>
  <system-out>
    <![CDATA[test case is pass]]>
  </system-out>
</testsuite> <!-- testCase_POM.TestCase1 -->
