<?xml version="1.0" encoding="UTF-8"?>
<!-- Generated by org.testng.reporters.JUnitReportReporter -->
<testsuite hostname="DESKTOP-35QI2EL" failures="0" tests="1" name="testCase_POM.TestCase2" time="70.390" errors="0" timestamp="2024-08-29T17:23:14 IST" skipped="0">
  <testcase classname="testCase_POM.TestCase2" name="search_product" time="70.390">
    <system-out>
      <![CDATA[test case is pass]]>
    </system-out>
  </testcase> <!-- search_product -->
  <system-out>
    <![CDATA[test case is pass
test case is pass
test case is pass
test case is pass]]>
  </system-out>
</testsuite> <!-- testCase_POM.TestCase2 -->
