<?xml version="1.0" encoding="UTF-8"?>
<!-- Generated by org.testng.reporters.JUnitReportReporter -->
<testsuite hostname="DESKTOP-35QI2EL" failures="0" tests="1" name="testCase_POM.TestCase4" time="27.737" errors="0" timestamp="2024-08-30T16:12:28 IST" skipped="0">
  <testcase classname="testCase_POM.TestCase4" name="purchase" time="27.737">
    <system-out>
      <![CDATA[test case is pass]]>
    </system-out>
  </testcase> <!-- purchase -->
  <system-out>
    <![CDATA[test case is pass
test case is pass
test case is pass
test case is pass]]>
  </system-out>
</testsuite> <!-- testCase_POM.TestCase4 -->
