<?xml version="1.0" encoding="UTF-8"?>
<!-- Generated by org.testng.reporters.JUnitReportReporter -->
<testsuite hostname="DESKTOP-35QI2EL" failures="0" tests="1" name="testCase_POM.TestCase1" time="20.918" errors="0" timestamp="2024-08-30T16:12:28 IST" skipped="0">
  <testcase classname="testCase_POM.TestCase1" name="login_amazon" time="20.918">
    <system-out>
      <![CDATA[test case is pass]]>
    </system-out>
  </testcase> <!-- login_amazon -->
  <system-out>
    <![CDATA[test case is pass
test case is pass
test case is pass
test case is pass]]>
  </system-out>
</testsuite> <!-- testCase_POM.TestCase1 -->
