<?xml version="1.0" encoding="UTF-8"?>
<!-- Generated by org.testng.reporters.JUnitReportReporter -->
<testsuite hostname="DESKTOP-35QI2EL" failures="0" tests="2" name="testCase_POM.TestCase3" time="18.483" errors="0" timestamp="2024-08-30T09:19:33 IST" skipped="1">
  <testcase classname="testCase_POM.TestCase3" name="register" time="9.081">
    <system-out>
      <![CDATA[test case is pass]]>
    </system-out>
  </testcase> <!-- register -->
  <testcase classname="testCase_POM.TestCase3" name="register" time="9.402">
    <skipped/>
  </testcase> <!-- register -->
  <system-out>
    <![CDATA[test case is pass
test case is pass
test case is pass
test case is pass]]>
  </system-out>
</testsuite> <!-- testCase_POM.TestCase3 -->
